# JRE version: Java(TM) SE Runtime Environment (8.0_191-b12) (build 1.8.0_191-b12)
# Java VM: Java HotSpot(TM) Client VM (25.191-b12 mixed mode windows-x86 )
Heap:
 def new generation   total 39424K, used 34325K [0x05000000, 0x07ac0000, 0x0faa0000)
  eden space 35072K,  97% used [0x05000000, 0x071856f8, 0x07240000)
  from space 4352K,   0% used [0x07240000, 0x07240000, 0x07680000)
  to   space 4352K,   0% used [0x07680000, 0x07680000, 0x07ac0000)
 tenured generation   total 87424K, used 38870K [0x0faa0000, 0x15000000, 0x25000000)
   the space 87424K,  44% used [0x0faa0000, 0x12095b28, 0x12095c00, 0x15000000)
 Metaspace       used 23743K, capacity 24436K, committed 24448K, reserved 24960K
GC Heap History (10 events):
Event: 6.660 GC heap before
{Heap before GC invocations=5 (full 1):
 def new generation   total 39424K, used 39415K [0x05000000, 0x07ac0000, 0x0faa0000)
  eden space 35072K, 100% used [0x05000000, 0x07240000, 0x07240000)
  from space 4352K,  99% used [0x07240000, 0x0767df90, 0x07680000)
  to   space 4352K,   0% used [0x07680000, 0x07680000, 0x07ac0000)
 tenured generation   total 87424K, used 32442K [0x0faa0000, 0x15000000, 0x25000000)
   the space 87424K,  37% used [0x0faa0000, 0x11a4e8c8, 0x11a4ea00, 0x15000000)
 Metaspace       used 18408K, capacity 18954K, committed 19072K, reserved 19840K
Event: 6.671 GC heap after
Heap after GC invocations=6 (full 1):
 def new generation   total 39424K, used 478K [0x05000000, 0x07ac0000, 0x0faa0000)
  eden space 35072K,   0% used [0x05000000, 0x05000000, 0x07240000)
  from space 4352K,  10% used [0x07680000, 0x076f7808, 0x07ac0000)
  to   space 4352K,   0% used [0x07240000, 0x07240000, 0x07680000)
 tenured generation   total 87424K, used 34837K [0x0faa0000, 0x15000000, 0x25000000)
   the space 87424K,  39% used [0x0faa0000, 0x11ca5508, 0x11ca5600, 0x15000000)
 Metaspace       used 18408K, capacity 18954K, committed 19072K, reserved 19840K
}
Event: 7.427 GC heap before
{Heap before GC invocations=6 (full 1):
 def new generation   total 39424K, used 35550K [0x05000000, 0x07ac0000, 0x0faa0000)
  eden space 35072K, 100% used [0x05000000, 0x07240000, 0x07240000)
  from space 4352K,  10% used [0x07680000, 0x076f7808, 0x07ac0000)
  to   space 4352K,   0% used [0x07240000, 0x07240000, 0x07680000)
 tenured generation   total 87424K, used 34837K [0x0faa0000, 0x15000000, 0x25000000)
   the space 87424K,  39% used [0x0faa0000, 0x11ca5508, 0x11ca5600, 0x15000000)
 Metaspace       used 18560K, capacity 19114K, committed 19200K, reserved 19840K
Event: 7.434 GC heap after
Heap after GC invocations=7 (full 1):
 def new generation   total 39424K, used 630K [0x05000000, 0x07ac0000, 0x0faa0000)
  eden space 35072K,   0% used [0x05000000, 0x05000000, 0x07240000)
  from space 4352K,  14% used [0x07240000, 0x072dda80, 0x07680000)
  to   space 4352K,   0% used [0x07680000, 0x07680000, 0x07ac0000)
 tenured generation   total 87424K, used 34837K [0x0faa0000, 0x15000000, 0x25000000)
   the space 87424K,  39% used [0x0faa0000, 0x11ca5508, 0x11ca5600, 0x15000000)
 Metaspace       used 18560K, capacity 19114K, committed 19200K, reserved 19840K
}
Event: 8.637 GC heap before
{Heap before GC invocations=7 (full 1):
 def new generation   total 39424K, used 35702K [0x05000000, 0x07ac0000, 0x0faa0000)
  eden space 35072K, 100% used [0x05000000, 0x07240000, 0x07240000)
  from space 4352K,  14% used [0x07240000, 0x072dda80, 0x07680000)
  to   space 4352K,   0% used [0x07680000, 0x07680000, 0x07ac0000)
 tenured generation   total 87424K, used 34837K [0x0faa0000, 0x15000000, 0x25000000)
   the space 87424K,  39% used [0x0faa0000, 0x11ca5508, 0x11ca5600, 0x15000000)
 Metaspace       used 18879K, capacity 19422K, committed 19584K, reserved 19840K
Event: 8.647 GC heap after
Heap after GC invocations=8 (full 1):
 def new generation   total 39424K, used 1536K [0x05000000, 0x07ac0000, 0x0faa0000)
  eden space 35072K,   0% used [0x05000000, 0x05000000, 0x07240000)
  from space 4352K,  35% used [0x07680000, 0x07800120, 0x07ac0000)
  to   space 4352K,   0% used [0x07240000, 0x07240000, 0x07680000)
 tenured generation   total 87424K, used 34837K [0x0faa0000, 0x15000000, 0x25000000)
   the space 87424K,  39% used [0x0faa0000, 0x11ca5508, 0x11ca5600, 0x15000000)
 Metaspace       used 18879K, capacity 19422K, committed 19584K, reserved 19840K
}
Event: 10.602 GC heap before
{Heap before GC invocations=8 (full 1):
 def new generation   total 39424K, used 36608K [0x05000000, 0x07ac0000, 0x0faa0000)
  eden space 35072K, 100% used [0x05000000, 0x07240000, 0x07240000)
  from space 4352K,  35% used [0x07680000, 0x07800120, 0x07ac0000)
  to   space 4352K,   0% used [0x07240000, 0x07240000, 0x07680000)
 tenured generation   total 87424K, used 34837K [0x0faa0000, 0x15000000, 0x25000000)
   the space 87424K,  39% used [0x0faa0000, 0x11ca5508, 0x11ca5600, 0x15000000)
 Metaspace       used 19723K, capacity 20370K, committed 20480K, reserved 20864K
Event: 10.614 GC heap after
Heap after GC invocations=9 (full 1):
 def new generation   total 39424K, used 4352K [0x05000000, 0x07ac0000, 0x0faa0000)
  eden space 35072K,   0% used [0x05000000, 0x05000000, 0x07240000)
  from space 4352K, 100% used [0x07240000, 0x07680000, 0x07680000)
  to   space 4352K,   0% used [0x07680000, 0x07680000, 0x07ac0000)
 tenured generation   total 87424K, used 36513K [0x0faa0000, 0x15000000, 0x25000000)
   the space 87424K,  41% used [0x0faa0000, 0x11e48598, 0x11e48600, 0x15000000)
 Metaspace       used 19723K, capacity 20370K, committed 20480K, reserved 20864K
}
Event: 10.630 GC heap before
{Heap before GC invocations=9 (full 1):
 def new generation   total 39424K, used 6053K [0x05000000, 0x07ac0000, 0x0faa0000)
  eden space 35072K,   4% used [0x05000000, 0x051a97c0, 0x07240000)
  from space 4352K, 100% used [0x07240000, 0x07680000, 0x07680000)
  to   space 4352K,   0% used [0x07680000, 0x07680000, 0x07ac0000)
 tenured generation   total 87424K, used 36513K [0x0faa0000, 0x15000000, 0x25000000)
   the space 87424K,  41% used [0x0faa0000, 0x11e48598, 0x11e48600, 0x15000000)
 Metaspace       used 19840K, capacity 20466K, committed 20480K, reserved 20864K
Event: 10.688 GC heap after
Heap after GC invocations=10 (full 2):
 def new generation   total 39424K, used 0K [0x05000000, 0x07ac0000, 0x0faa0000)
  eden space 35072K,   0% used [0x05000000, 0x05000000, 0x07240000)
  from space 4352K,   0% used [0x07240000, 0x07240000, 0x07680000)
  to   space 4352K,   0% used [0x07680000, 0x07680000, 0x07ac0000)
 tenured generation   total 87424K, used 38870K [0x0faa0000, 0x15000000, 0x25000000)
   the space 87424K,  44% used [0x0faa0000, 0x12095b28, 0x12095c00, 0x15000000)
 Metaspace       used 19840K, capacity 20466K, committed 20480K, reserved 20864K
}

